shared/build/intermediates/manifest_merge_blame_file/debug/manifest-merger-blame-debug-report.txt
1<?xml version="1.0" encoding="utf-8"?>
2<manifest xmlns:android="http://schemas.android.com/apk/res/android"
3    package="myapp.shared" >
4
5    <uses-sdk
6        android:minSdkVersion="26"
6-->src/main/AndroidManifest.xml
7        android:targetSdkVersion="39" />
7-->src/main/AndroidManifest.xml
8
9    <application
9-->src/main/AndroidManifest.xml:6:5-15:19
10        android:allowBackup="true"
10-->src/main/AndroidManifest.xml:7:9-35
11        android:exported="true"
11-->src/main/AndroidManifest.xml:12:9-32
12        android:icon="@mipmap/ic_launcher"
12-->src/main/AndroidManifest.xml:8:9-43
13        android:label="@string/app_name"
13-->src/main/AndroidManifest.xml:9:9-41
14        android:roundIcon="@mipmap/ic_launcher_round"
14-->src/main/AndroidManifest.xml:10:9-54
15        android:supportsRtl="true"
15-->src/main/AndroidManifest.xml:11:9-35
16        android:theme="@style/Theme.MyApp" >
16-->src/main/AndroidManifest.xml:13:9-43
17    </application>
18
19</manifest>